<?xml version="1.0" encoding="UTF-8"?>
<testsuite name="hu.bme.mit.intellibus.ACCControllerTest" tests="4" skipped="0" failures="0" errors="0" timestamp="2022-12-05T10:08:15" hostname="G-SP8" time="0.026">
  <properties/>
  <testcase name="testReq2()" classname="hu.bme.mit.intellibus.ACCControllerTest" time="0.021"/>
  <testcase name="testReq4()" classname="hu.bme.mit.intellibus.ACCControllerTest" time="0.0"/>
  <testcase name="testReq3_1()" classname="hu.bme.mit.intellibus.ACCControllerTest" time="0.001"/>
  <testcase name="testReq3_2()" classname="hu.bme.mit.intellibus.ACCControllerTest" time="0.001"/>
  <system-out><![CDATA[]]></system-out>
  <system-err><![CDATA[]]></system-err>
</testsuite>
